[2026-03-30 13:53 ET] source=KR kind=market_summary
#################################
한국 시장 상태 요약
생성: 2026-03-30 13:53 ET
상태/행동: 레벨 4/6 - 살아나는 구간 / 59/100 / 소규모 매수 / 보유
크로스: KOSPI 최근 단기 데드크로스 / KOSDAQ 최근 단기 데드크로스
핵심: KOSPI가 200일선 위에 있습니다 (+15)
상위 종목: LIG넥스원: 67/100 양호, 한화에어로스페이스: 64/100 애매, SK하이닉스: 51/100 애매
#################################
[2026-03-30 13:55 ET] source=KR kind=market_summary
#################################
한국 시장 상태 요약
생성: 2026-03-30 13:40 ET
상태/행동: 레벨 4/6 - 살아나는 구간 / 59/100 / 소규모 매수 / 보유
크로스: KOSPI 최근 단기 데드크로스 / KOSDAQ 최근 단기 데드크로스
핵심: KOSPI가 200일선 위에 있습니다 (+15)
상위 종목: LIG넥스원: 67/100 양호, 한화에어로스페이스: 64/100 애매, SK하이닉스: 51/100 애매
#################################
[2026-03-30 19:55 ET] source=KR kind=important_notifications
#################################
한국 시장 모니터 알림
생성: 2026-03-30 19:55 ET

[HIGH] 한국 시장 약세와 종목 약화 동시 발생
한국 시장 데드크로스와 LIG넥스원 약세가 겹쳤습니다. 신규 매수보다 방어와 비중 조절이 먼저입니다.

[MEDIUM] LIG넥스원 데드크로스
LIG넥스원 최근 단기 데드크로스: 5일선이 20일선 아래로 내려갔습니다. 거래량 0.4x (거래량 약함) / RSI 39 (하방 우세). 매수보다 대기나 비중 조절 쪽이 낫습니다.

[MEDIUM] LIG넥스원 상태 약화
LIG넥스원 상태가 양호 -> 애매(으)로 약해졌습니다. 비중 축소나 대기 쪽이 낫습니다.

[MEDIUM] SK하이닉스 데드크로스
SK하이닉스 최근 단기 데드크로스: 5일선이 20일선 아래로 내려갔습니다. 거래량 0.9x (거래량 보통) / RSI 44 (하방 우세). 매수보다 대기나 비중 조절 쪽이 낫습니다.

[MEDIUM] 삼성전자 데드크로스
삼성전자 최근 단기 데드크로스: 5일선이 20일선 아래로 내려갔습니다. 거래량 0.7x (거래량 약함) / RSI 42 (하방 우세). 매수보다 대기나 비중 조절 쪽이 낫습니다.
#################################
