[2026-03-30 13:56 ET] source=US kind=market_summary
#################################
시장 상태 요약
생성: 2026-03-30 13:55 ET
상태/행동: 레벨 1/6 - 방어 우선 / 15/100 / 신규 진입 자제 / 방어
크로스: 뚜렷한 신호 없음
핵심: VIX가 매우 높아 점수 상한이 걸렸습니다 (상한 50)
상위 종목: AMD: 36/100 약함, NVDA: 14/100 회피, TSLA: 12/100 회피
#################################
[2026-03-30 14:07 ET] source=US kind=ai_alerts
#################################
AI 시장 분석 알림
업데이트: 2026-03-30 14:06 ET

[MEDIUM] KORU AI 판단 괴리
KORU 주가는 빠졌지만 AI 판단 점수는 45점 개선됐습니다. 반전 전조인지 추가 확인할 만합니다.

[MEDIUM] SERV AI 판단 괴리
SERV 주가는 빠졌지만 AI 판단 점수는 15점 개선됐습니다. 반전 전조인지 추가 확인할 만합니다.
#################################
[2026-03-30 16:07 ET] source=US kind=important_notifications
#################################
시장 모니터 알림
생성: 2026-03-30 16:07 ET

[MEDIUM] KORU 데드크로스
KORU 최근 중기 데드크로스: 20일선이 50일선 아래로 내려갔습니다. 거래량 0.8x (거래량 약함) / RSI 37 (하방 우세) 매수보다 대기나 비중 조절 쪽이 낫습니다.

[MEDIUM] SOXX 데드크로스
SOXX 최근 중기 데드크로스: 20일선이 50일선 아래로 내려갔습니다. 거래량 1.4x (거래량 확인) / RSI 33 (하방 우세) 매수보다 대기나 비중 조절 쪽이 낫습니다.
#################################
